<?xml version="1.0" encoding="UTF-8"?>
<!-- Generated by org.testng.reporters.JUnitReportReporter -->
<testsuite hostname="Admin-PC" failures="0" tests="1" name="test.PutPatchDeleteExamples" time="2.600" errors="0" timestamp="2022-07-07T17:46:25 IST" skipped="0">
  <testcase classname="test.PutPatchDeleteExamples" name="Test_delete" time="2.600"/>
  <system-out/>
</testsuite> <!-- test.PutPatchDeleteExamples -->
