<?xml version="1.0" encoding="UTF-8"?>
<!-- Generated by org.testng.reporters.JUnitReportReporter -->
<testsuite hostname="Admin-PC" failures="0" tests="1" name="test.GetPostExamples" time="3.243" errors="0" timestamp="2022-07-07T17:21:33 IST" skipped="0">
  <testcase classname="test.GetPostExamples" name="testGet" time="3.243"/>
  <system-out/>
</testsuite> <!-- test.GetPostExamples -->
